"bocks";
"bocks"
var amount = 1001;
undefined
if (amount >100){}
undefined
if (amount >100){





}
undefined
if (amount >100){
let amount = 200;}






undefined
if (amount >100){
let amount = 200;
amount = amount *2;
console.log(amount);
}






VM772:4 400
undefined
console.log(amount);
VM816:1 1001
undefined
var mpesa_balance = 500,000;
VM884:1 Uncaught SyntaxError: Unexpected number
var mpesa_balance = 50000000;
undefined
var phone_price = 200000;
undefined
if(mpesa_balance >= phone_price);{
console.log("you can purchase")}
else{
console.log("sorry, insufficient funds");
}
VM1098:3 Uncaught SyntaxError: Unexpected token else
if(mpesa_balance >= phone_price){
console.log("you can purchase");}
else{
console.log("sorry, insufficient funds");
}
VM1105:2 you can purchase
undefined
for (var i=0; i<=9;i++){
	console.log(i);}
VM1189:2 0
VM1189:2 1
VM1189:2 2
VM1189:2 3
VM1189:2 4
VM1189:2 5
VM1189:2 6
VM1189:2 7
VM1189:2 8
VM1189:2 9
undefined
var i= 9;
undefined
while (i > 0){
console.log(i);

i--;}
VM1285:2 9
VM1285:2 8
VM1285:2 7
VM1285:2 6
VM1285:2 5
VM1285:2 4
VM1285:2 3
VM1285:2 2
VM1285:2 1
1
var i= 9;
undefined
do{
	console.log(i)
	i--;}
while(i>0)
VM1368:2 9
VM1368:2 8
VM1368:2 7
VM1368:2 6
VM1368:2 5
VM1368:2 4
VM1368:2 3
VM1368:2 2
VM1368:2 1
1
function getName(){
	console.log("carolyne")}
undefined
getName();
VM1428:2 carolyne
undefined
function setName(name) {
	console.log(name);}
undefined
setName("carolyne");
VM1526:2 carolyne
undefined
function myAge(yearOfbirth) {
	return 2019 - yearOfbirth;
}
undefined
myAge(1998)
21
function outer() {
	var 1= 1;
		function inner(){
       var b =2;
			console.log (a+b); }
inner();
console.log(a);
}
VM1848:2 Uncaught SyntaxError: Unexpected number
function outer() {
	var a= 1;
		function inner(){
       var b =2;
			console.log (a+b); }
inner();
console.log(a);
}
undefined
outer()
VM1852:5 3
VM1852:7 1
undefined
