"bocks";
"bocks"
var amount = 1001;
undefined
if (amount >100){}
undefined
if (amount >100){





}
undefined
if (amount >100){
let amount = 200;}






undefined
if (amount >100){
let amount = 200;
amount = amount *2;
console.log(amount);
}






VM772:4 400
undefined
console.log(amount);
VM816:1 1001
undefined
var mpesa_balance = 500,000;
VM884:1 Uncaught SyntaxError: Unexpected number
var mpesa_balance = 50000000;
undefined
var phone_price = 200000;
undefined
if(mpesa_balance >= phone_price);{
console.log("you can purchase")}
else{
console.log("sorry, insufficient funds");
}
VM1098:3 Uncaught SyntaxError: Unexpected token else
if(mpesa_balance >= phone_price){
console.log("you can purchase");}
else{
console.log("sorry, insufficient funds");
}
VM1105:2 you can purchase
undefined
for (var i=0; i<=9;i++){
	console.log(i);}
VM1189:2 0
VM1189:2 1
VM1189:2 2
VM1189:2 3
VM1189:2 4
VM1189:2 5
VM1189:2 6
VM1189:2 7
VM1189:2 8
VM1189:2 9
undefined
var i= 9;
undefined
while (i > 0){
console.log(i);

i--;}
VM1285:2 9
VM1285:2 8
VM1285:2 7
VM1285:2 6
VM1285:2 5
VM1285:2 4
VM1285:2 3
VM1285:2 2
VM1285:2 1
1
